<?xml version="1.0" encoding="UTF-8"?>
<!-- Generated by org.testng.reporters.JUnitXMLReporter -->
<testsuite ignored="0" hostname="PRIYA-NAGRE" failures="0" tests="4" name="Default test" time="64.188" errors="0" timestamp="2026-02-27T16:53:56 IST">
  <testcase classname="com.qa.opencart.tests.RegPageTest" name="registerUserTest" time="15.089"/>
  <testcase classname="com.qa.opencart.tests.RegPageTest" name="registerUserTest" time="12.572"/>
  <testcase classname="com.qa.opencart.tests.RegPageTest" name="registerUserTest" time="14.964"/>
  <testcase classname="com.qa.opencart.tests.RegPageTest" name="registerUserTest" time="15.161"/>
</testsuite> <!-- Default test -->
