<?xml version="1.0" encoding="UTF-8"?>
<testng-results ignored="0" total="27" passed="26" failed="1" skipped="0">
  <reporter-output>
  </reporter-output>
  <suite started-at="2026-03-20T17:35:19 IST" name="Opencart App Test Regression Suite" finished-at="2026-03-20T17:36:59 IST" duration-ms="100074">
    <groups>
    </groups>
    <test started-at="2026-03-20T17:35:19 IST" name="Login Page Test" finished-at="2026-03-20T17:35:39 IST" duration-ms="20657">
      <class name="com.qa.opencart.tests.LoginPageTest">
        <test-method is-config="true" signature="setup()[pri:0, instance:com.qa.opencart.tests.LoginPageTest@2f4ba1ae]" started-at="2026-03-20T17:35:19 IST" name="setup" finished-at="2026-03-20T17:35:26 IST" duration-ms="7101" status="PASS">
          <reporter-output>
          </reporter-output>
        </test-method> <!-- setup -->
        <test-method signature="LoginPageTitleTest()[pri:0, instance:com.qa.opencart.tests.LoginPageTest@2f4ba1ae]" started-at="2026-03-20T17:35:26 IST" name="LoginPageTitleTest" finished-at="2026-03-20T17:35:28 IST" duration-ms="1661" status="PASS">
          <reporter-output>
          </reporter-output>
        </test-method> <!-- LoginPageTitleTest -->
        <test-method signature="LoginPageURLTest()[pri:0, instance:com.qa.opencart.tests.LoginPageTest@2f4ba1ae]" started-at="2026-03-20T17:35:28 IST" name="LoginPageURLTest" finished-at="2026-03-20T17:35:28 IST" duration-ms="59" status="PASS">
          <reporter-output>
          </reporter-output>
        </test-method> <!-- LoginPageURLTest -->
        <test-method signature="forgotPwdLinkExistTest()[pri:0, instance:com.qa.opencart.tests.LoginPageTest@2f4ba1ae]" started-at="2026-03-20T17:35:28 IST" name="forgotPwdLinkExistTest" finished-at="2026-03-20T17:35:31 IST" duration-ms="2316" status="PASS">
          <reporter-output>
          </reporter-output>
        </test-method> <!-- forgotPwdLinkExistTest -->
        <test-method signature="loginTest()[pri:0, instance:com.qa.opencart.tests.LoginPageTest@2f4ba1ae]" started-at="2026-03-20T17:35:31 IST" name="loginTest" finished-at="2026-03-20T17:35:35 IST" duration-ms="4577" status="PASS">
          <reporter-output>
          </reporter-output>
        </test-method> <!-- loginTest -->
        <test-method is-config="true" signature="tearDown()[pri:0, instance:com.qa.opencart.tests.LoginPageTest@2f4ba1ae]" started-at="2026-03-20T17:35:35 IST" name="tearDown" finished-at="2026-03-20T17:35:39 IST" duration-ms="4049" status="PASS">
          <reporter-output>
          </reporter-output>
        </test-method> <!-- tearDown -->
      </class> <!-- com.qa.opencart.tests.LoginPageTest -->
    </test> <!-- Login Page Test -->
    <test started-at="2026-03-20T17:35:19 IST" name="Account Page Test" finished-at="2026-03-20T17:35:51 IST" duration-ms="32090">
      <class name="com.qa.opencart.tests.AccountPageTest">
        <test-method is-config="true" signature="setup()[pri:0, instance:com.qa.opencart.tests.AccountPageTest@3902bd2c]" started-at="2026-03-20T17:35:19 IST" name="setup" finished-at="2026-03-20T17:35:28 IST" duration-ms="9426" status="PASS">
          <reporter-output>
          </reporter-output>
        </test-method> <!-- setup -->
        <test-method is-config="true" signature="accSetup()[pri:0, instance:com.qa.opencart.tests.AccountPageTest@3902bd2c]" started-at="2026-03-20T17:35:28 IST" name="accSetup" finished-at="2026-03-20T17:35:33 IST" duration-ms="4404" status="PASS">
          <reporter-output>
          </reporter-output>
        </test-method> <!-- accSetup -->
        <test-method signature="accPageSectionHeaderTest()[pri:0, instance:com.qa.opencart.tests.AccountPageTest@3902bd2c]" started-at="2026-03-20T17:35:33 IST" name="accPageSectionHeaderTest" finished-at="2026-03-20T17:35:33 IST" duration-ms="429" status="PASS">
          <reporter-output>
          </reporter-output>
        </test-method> <!-- accPageSectionHeaderTest -->
        <test-method signature="accPageTitleTest()[pri:0, instance:com.qa.opencart.tests.AccountPageTest@3902bd2c]" started-at="2026-03-20T17:35:33 IST" name="accPageTitleTest" finished-at="2026-03-20T17:35:33 IST" duration-ms="31" status="PASS">
          <reporter-output>
          </reporter-output>
        </test-method> <!-- accPageTitleTest -->
        <test-method signature="accPageURLTest()[pri:0, instance:com.qa.opencart.tests.AccountPageTest@3902bd2c]" started-at="2026-03-20T17:35:33 IST" name="accPageURLTest" finished-at="2026-03-20T17:35:33 IST" duration-ms="18" status="PASS">
          <reporter-output>
          </reporter-output>
        </test-method> <!-- accPageURLTest -->
        <test-method signature="logoutExistTest()[pri:0, instance:com.qa.opencart.tests.AccountPageTest@3902bd2c]" started-at="2026-03-20T17:35:33 IST" name="logoutExistTest" finished-at="2026-03-20T17:35:33 IST" duration-ms="66" status="PASS">
          <reporter-output>
          </reporter-output>
        </test-method> <!-- logoutExistTest -->
        <test-method signature="productSearchTest(java.lang.String)[pri:0, instance:com.qa.opencart.tests.AccountPageTest@3902bd2c]" started-at="2026-03-20T17:35:33 IST" name="productSearchTest" data-provider="getProductName" finished-at="2026-03-20T17:35:39 IST" duration-ms="5878" status="PASS">
          <params>
            <param index="0">
              <value>
                <![CDATA[Macbook]]>
              </value>
            </param>
          </params>
          <reporter-output>
          </reporter-output>
        </test-method> <!-- productSearchTest -->
        <test-method signature="productSearchTest(java.lang.String)[pri:0, instance:com.qa.opencart.tests.AccountPageTest@3902bd2c]" started-at="2026-03-20T17:35:39 IST" name="productSearchTest" data-provider="getProductName" finished-at="2026-03-20T17:35:45 IST" duration-ms="5597" status="PASS">
          <params>
            <param index="0">
              <value>
                <![CDATA[iMac]]>
              </value>
            </param>
          </params>
          <reporter-output>
          </reporter-output>
        </test-method> <!-- productSearchTest -->
        <test-method signature="productSearchTest(java.lang.String)[pri:0, instance:com.qa.opencart.tests.AccountPageTest@3902bd2c]" started-at="2026-03-20T17:35:45 IST" name="productSearchTest" data-provider="getProductName" finished-at="2026-03-20T17:35:50 IST" duration-ms="5420" status="PASS">
          <params>
            <param index="0">
              <value>
                <![CDATA[Samsung]]>
              </value>
            </param>
          </params>
          <reporter-output>
          </reporter-output>
        </test-method> <!-- productSearchTest -->
        <test-method signature="searchExistTest()[pri:0, instance:com.qa.opencart.tests.AccountPageTest@3902bd2c]" started-at="2026-03-20T17:35:50 IST" name="searchExistTest" finished-at="2026-03-20T17:35:50 IST" duration-ms="87" status="PASS">
          <reporter-output>
          </reporter-output>
        </test-method> <!-- searchExistTest -->
        <test-method is-config="true" signature="tearDown()[pri:0, instance:com.qa.opencart.tests.AccountPageTest@3902bd2c]" started-at="2026-03-20T17:35:50 IST" name="tearDown" finished-at="2026-03-20T17:35:51 IST" duration-ms="528" status="PASS">
          <reporter-output>
          </reporter-output>
        </test-method> <!-- tearDown -->
      </class> <!-- com.qa.opencart.tests.AccountPageTest -->
    </test> <!-- Account Page Test -->
    <test started-at="2026-03-20T17:35:19 IST" name="Register Page Test" finished-at="2026-03-20T17:36:51 IST" duration-ms="92488">
      <class name="com.qa.opencart.tests.RegPageTest">
        <test-method is-config="true" signature="setup()[pri:0, instance:com.qa.opencart.tests.RegPageTest@6bccd036]" started-at="2026-03-20T17:35:19 IST" name="setup" finished-at="2026-03-20T17:35:31 IST" duration-ms="12639" status="PASS">
          <reporter-output>
          </reporter-output>
        </test-method> <!-- setup -->
        <test-method is-config="true" signature="regPageSteup()[pri:0, instance:com.qa.opencart.tests.RegPageTest@6bccd036]" started-at="2026-03-20T17:35:31 IST" name="regPageSteup" finished-at="2026-03-20T17:35:34 IST" duration-ms="2614" status="PASS">
          <reporter-output>
          </reporter-output>
        </test-method> <!-- regPageSteup -->
        <test-method signature="registerUserTest(java.lang.String,java.lang.String,java.lang.String,java.lang.String,java.lang.String)[pri:0, instance:com.qa.opencart.tests.RegPageTest@6bccd036]" started-at="2026-03-20T17:35:36 IST" name="registerUserTest" data-provider="getRegTestData" finished-at="2026-03-20T17:35:56 IST" duration-ms="19447" status="PASS">
          <params>
            <param index="0">
              <value>
                <![CDATA[priya]]>
              </value>
            </param>
            <param index="1">
              <value>
                <![CDATA[wade]]>
              </value>
            </param>
            <param index="2">
              <value>
                <![CDATA[1234567890]]>
              </value>
            </param>
            <param index="3">
              <value>
                <![CDATA[12345.0]]>
              </value>
            </param>
            <param index="4">
              <value>
                <![CDATA[yes]]>
              </value>
            </param>
          </params>
          <reporter-output>
          </reporter-output>
        </test-method> <!-- registerUserTest -->
        <test-method signature="registerUserTest(java.lang.String,java.lang.String,java.lang.String,java.lang.String,java.lang.String)[pri:0, instance:com.qa.opencart.tests.RegPageTest@6bccd036]" started-at="2026-03-20T17:35:56 IST" name="registerUserTest" data-provider="getRegTestData" finished-at="2026-03-20T17:36:14 IST" duration-ms="17891" status="PASS">
          <params>
            <param index="0">
              <value>
                <![CDATA[priya1]]>
              </value>
            </param>
            <param index="1">
              <value>
                <![CDATA[wade1]]>
              </value>
            </param>
            <param index="2">
              <value>
                <![CDATA[1234567891]]>
              </value>
            </param>
            <param index="3">
              <value>
                <![CDATA[12345.0]]>
              </value>
            </param>
            <param index="4">
              <value>
                <![CDATA[yes]]>
              </value>
            </param>
          </params>
          <reporter-output>
          </reporter-output>
        </test-method> <!-- registerUserTest -->
        <test-method signature="registerUserTest(java.lang.String,java.lang.String,java.lang.String,java.lang.String,java.lang.String)[pri:0, instance:com.qa.opencart.tests.RegPageTest@6bccd036]" started-at="2026-03-20T17:36:14 IST" name="registerUserTest" data-provider="getRegTestData" finished-at="2026-03-20T17:36:32 IST" duration-ms="18327" status="PASS">
          <params>
            <param index="0">
              <value>
                <![CDATA[priya2]]>
              </value>
            </param>
            <param index="1">
              <value>
                <![CDATA[wade2]]>
              </value>
            </param>
            <param index="2">
              <value>
                <![CDATA[1234567890]]>
              </value>
            </param>
            <param index="3">
              <value>
                <![CDATA[12345.0]]>
              </value>
            </param>
            <param index="4">
              <value>
                <![CDATA[yes]]>
              </value>
            </param>
          </params>
          <reporter-output>
          </reporter-output>
        </test-method> <!-- registerUserTest -->
        <test-method signature="registerUserTest(java.lang.String,java.lang.String,java.lang.String,java.lang.String,java.lang.String)[pri:0, instance:com.qa.opencart.tests.RegPageTest@6bccd036]" started-at="2026-03-20T17:36:32 IST" name="registerUserTest" data-provider="getRegTestData" finished-at="2026-03-20T17:36:51 IST" duration-ms="18490" status="PASS">
          <params>
            <param index="0">
              <value>
                <![CDATA[priya3]]>
              </value>
            </param>
            <param index="1">
              <value>
                <![CDATA[wade3]]>
              </value>
            </param>
            <param index="2">
              <value>
                <![CDATA[1234567889]]>
              </value>
            </param>
            <param index="3">
              <value>
                <![CDATA[12345.0]]>
              </value>
            </param>
            <param index="4">
              <value>
                <![CDATA[yes]]>
              </value>
            </param>
          </params>
          <reporter-output>
          </reporter-output>
        </test-method> <!-- registerUserTest -->
        <test-method is-config="true" signature="tearDown()[pri:0, instance:com.qa.opencart.tests.RegPageTest@6bccd036]" started-at="2026-03-20T17:36:51 IST" name="tearDown" finished-at="2026-03-20T17:36:51 IST" duration-ms="445" status="PASS">
          <reporter-output>
          </reporter-output>
        </test-method> <!-- tearDown -->
      </class> <!-- com.qa.opencart.tests.RegPageTest -->
    </test> <!-- Register Page Test -->
    <test started-at="2026-03-20T17:35:19 IST" name="Product Info Page Test" finished-at="2026-03-20T17:36:59 IST" duration-ms="100070">
      <class name="com.qa.opencart.tests.ProductInfoPageTest">
        <test-method is-config="true" signature="setup()[pri:0, instance:com.qa.opencart.tests.ProductInfoPageTest@57fbc06f]" started-at="2026-03-20T17:35:19 IST" name="setup" finished-at="2026-03-20T17:35:26 IST" duration-ms="7256" status="PASS">
          <reporter-output>
          </reporter-output>
        </test-method> <!-- setup -->
        <test-method is-config="true" signature="prodInfoSetup()[pri:0, instance:com.qa.opencart.tests.ProductInfoPageTest@57fbc06f]" started-at="2026-03-20T17:35:26 IST" name="prodInfoSetup" finished-at="2026-03-20T17:35:32 IST" duration-ms="6027" status="PASS">
          <reporter-output>
          </reporter-output>
        </test-method> <!-- prodInfoSetup -->
        <test-method signature="productHeaderTest(java.lang.String,java.lang.String)[pri:0, instance:com.qa.opencart.tests.ProductInfoPageTest@57fbc06f]" started-at="2026-03-20T17:35:32 IST" name="productHeaderTest" data-provider="getProductTestData" finished-at="2026-03-20T17:35:44 IST" duration-ms="12090" status="PASS">
          <params>
            <param index="0">
              <value>
                <![CDATA[Macbook]]>
              </value>
            </param>
            <param index="1">
              <value>
                <![CDATA[MacBook Pro]]>
              </value>
            </param>
          </params>
          <reporter-output>
          </reporter-output>
        </test-method> <!-- productHeaderTest -->
        <test-method signature="productHeaderTest(java.lang.String,java.lang.String)[pri:0, instance:com.qa.opencart.tests.ProductInfoPageTest@57fbc06f]" started-at="2026-03-20T17:35:44 IST" name="productHeaderTest" data-provider="getProductTestData" finished-at="2026-03-20T17:35:54 IST" duration-ms="9981" status="PASS">
          <params>
            <param index="0">
              <value>
                <![CDATA[Macbook]]>
              </value>
            </param>
            <param index="1">
              <value>
                <![CDATA[MacBook Air]]>
              </value>
            </param>
          </params>
          <reporter-output>
          </reporter-output>
        </test-method> <!-- productHeaderTest -->
        <test-method signature="productHeaderTest(java.lang.String,java.lang.String)[pri:0, instance:com.qa.opencart.tests.ProductInfoPageTest@57fbc06f]" started-at="2026-03-20T17:35:54 IST" name="productHeaderTest" data-provider="getProductTestData" finished-at="2026-03-20T17:36:03 IST" duration-ms="8977" status="PASS">
          <params>
            <param index="0">
              <value>
                <![CDATA[iMac]]>
              </value>
            </param>
            <param index="1">
              <value>
                <![CDATA[iMac]]>
              </value>
            </param>
          </params>
          <reporter-output>
          </reporter-output>
        </test-method> <!-- productHeaderTest -->
        <test-method signature="productHeaderTest(java.lang.String,java.lang.String)[pri:0, instance:com.qa.opencart.tests.ProductInfoPageTest@57fbc06f]" started-at="2026-03-20T17:36:03 IST" name="productHeaderTest" data-provider="getProductTestData" finished-at="2026-03-20T17:36:12 IST" duration-ms="9163" status="PASS">
          <params>
            <param index="0">
              <value>
                <![CDATA[Samsung]]>
              </value>
            </param>
            <param index="1">
              <value>
                <![CDATA[Samsung SyncMaster 941BW]]>
              </value>
            </param>
          </params>
          <reporter-output>
          </reporter-output>
        </test-method> <!-- productHeaderTest -->
        <test-method signature="productHeaderTest(java.lang.String,java.lang.String)[pri:0, instance:com.qa.opencart.tests.ProductInfoPageTest@57fbc06f]" started-at="2026-03-20T17:36:12 IST" name="productHeaderTest" data-provider="getProductTestData" finished-at="2026-03-20T17:36:22 IST" duration-ms="9597" status="PASS">
          <params>
            <param index="0">
              <value>
                <![CDATA[Apple]]>
              </value>
            </param>
            <param index="1">
              <value>
                <![CDATA[Apple Cinema 30"]]>
              </value>
            </param>
          </params>
          <reporter-output>
          </reporter-output>
        </test-method> <!-- productHeaderTest -->
        <test-method signature="productImagesTest(java.lang.String,java.lang.String,int)[pri:0, instance:com.qa.opencart.tests.ProductInfoPageTest@57fbc06f]" started-at="2026-03-20T17:36:22 IST" name="productImagesTest" data-provider="getProductImagesTestData" finished-at="2026-03-20T17:36:29 IST" duration-ms="6787" status="PASS">
          <params>
            <param index="0">
              <value>
                <![CDATA[Macbook]]>
              </value>
            </param>
            <param index="1">
              <value>
                <![CDATA[MacBook Pro]]>
              </value>
            </param>
            <param index="2">
              <value>
                <![CDATA[4]]>
              </value>
            </param>
          </params>
          <reporter-output>
          </reporter-output>
        </test-method> <!-- productImagesTest -->
        <test-method signature="productImagesTest(java.lang.String,java.lang.String,int)[pri:0, instance:com.qa.opencart.tests.ProductInfoPageTest@57fbc06f]" started-at="2026-03-20T17:36:29 IST" name="productImagesTest" data-provider="getProductImagesTestData" finished-at="2026-03-20T17:36:35 IST" duration-ms="6160" status="PASS">
          <params>
            <param index="0">
              <value>
                <![CDATA[Macbook]]>
              </value>
            </param>
            <param index="1">
              <value>
                <![CDATA[MacBook Air]]>
              </value>
            </param>
            <param index="2">
              <value>
                <![CDATA[4]]>
              </value>
            </param>
          </params>
          <reporter-output>
          </reporter-output>
        </test-method> <!-- productImagesTest -->
        <test-method signature="productImagesTest(java.lang.String,java.lang.String,int)[pri:0, instance:com.qa.opencart.tests.ProductInfoPageTest@57fbc06f]" started-at="2026-03-20T17:36:35 IST" name="productImagesTest" data-provider="getProductImagesTestData" finished-at="2026-03-20T17:36:42 IST" duration-ms="6719" status="PASS">
          <params>
            <param index="0">
              <value>
                <![CDATA[iMac]]>
              </value>
            </param>
            <param index="1">
              <value>
                <![CDATA[iMac]]>
              </value>
            </param>
            <param index="2">
              <value>
                <![CDATA[3]]>
              </value>
            </param>
          </params>
          <reporter-output>
          </reporter-output>
        </test-method> <!-- productImagesTest -->
        <test-method signature="productImagesTest(java.lang.String,java.lang.String,int)[pri:0, instance:com.qa.opencart.tests.ProductInfoPageTest@57fbc06f]" started-at="2026-03-20T17:36:42 IST" name="productImagesTest" data-provider="getProductImagesTestData" finished-at="2026-03-20T17:36:48 IST" duration-ms="6373" status="PASS">
          <params>
            <param index="0">
              <value>
                <![CDATA[Samsung]]>
              </value>
            </param>
            <param index="1">
              <value>
                <![CDATA[Samsung SyncMaster 941BW]]>
              </value>
            </param>
            <param index="2">
              <value>
                <![CDATA[1]]>
              </value>
            </param>
          </params>
          <reporter-output>
          </reporter-output>
        </test-method> <!-- productImagesTest -->
        <test-method signature="productImagesTest(java.lang.String,java.lang.String,int)[pri:0, instance:com.qa.opencart.tests.ProductInfoPageTest@57fbc06f]" started-at="2026-03-20T17:36:48 IST" name="productImagesTest" data-provider="getProductImagesTestData" finished-at="2026-03-20T17:36:53 IST" duration-ms="5391" status="PASS">
          <params>
            <param index="0">
              <value>
                <![CDATA[Apple]]>
              </value>
            </param>
            <param index="1">
              <value>
                <![CDATA[Apple Cinema 30"]]>
              </value>
            </param>
            <param index="2">
              <value>
                <![CDATA[6]]>
              </value>
            </param>
          </params>
          <reporter-output>
          </reporter-output>
        </test-method> <!-- productImagesTest -->
        <test-method signature="productMetaDataTest()[pri:0, instance:com.qa.opencart.tests.ProductInfoPageTest@57fbc06f]" started-at="2026-03-20T17:36:53 IST" name="productMetaDataTest" finished-at="2026-03-20T17:36:58 IST" duration-ms="4531" status="FAIL">
          <exception class="java.lang.AssertionError">
            <message>
              <![CDATA[The following asserts failed:
expected [In Stock] but found [Out Of Stock],
expected [$2000.00] but found [null]]]>
            </message>
            <full-stacktrace>
              <![CDATA[java.lang.AssertionError: The following asserts failed:
expected [In Stock] but found [Out Of Stock],
expected [$2000.00] but found [null]
at org.testng.asserts.SoftAssert.assertAll(SoftAssert.java:46)
at org.testng.asserts.SoftAssert.assertAll(SoftAssert.java:30)
at com.qa.opencart.tests.ProductInfoPageTest.productMetaDataTest(ProductInfoPageTest.java:67)
at java.base/jdk.internal.reflect.DirectMethodHandleAccessor.invoke(DirectMethodHandleAccessor.java:103)
at java.base/java.lang.reflect.Method.invoke(Method.java:580)
at org.testng.internal.invokers.MethodInvocationHelper.invokeMethod(MethodInvocationHelper.java:141)
at org.testng.internal.invokers.TestInvoker.invokeMethod(TestInvoker.java:687)
at org.testng.internal.invokers.TestInvoker.invokeTestMethod(TestInvoker.java:230)
at org.testng.internal.invokers.MethodRunner.runInSequence(MethodRunner.java:63)
at org.testng.internal.invokers.TestInvoker$MethodInvocationAgent.invoke(TestInvoker.java:995)
at org.testng.internal.invokers.TestInvoker.invokeTestMethods(TestInvoker.java:203)
at org.testng.internal.invokers.TestMethodWorker.invokeTestMethods(TestMethodWorker.java:154)
at org.testng.internal.invokers.TestMethodWorker.run(TestMethodWorker.java:134)
at java.base/java.util.ArrayList.forEach(ArrayList.java:1596)
at org.testng.TestRunner.privateRun(TestRunner.java:741)
at org.testng.TestRunner.run(TestRunner.java:616)
at org.testng.SuiteRunner.runTest(SuiteRunner.java:421)
at org.testng.SuiteRunner$SuiteWorker.run(SuiteRunner.java:463)
at org.testng.internal.thread.ThreadUtil.lambda$execute$0(ThreadUtil.java:64)
at java.base/java.util.concurrent.FutureTask.run(FutureTask.java:317)
at java.base/java.util.concurrent.ThreadPoolExecutor.runWorker(ThreadPoolExecutor.java:1144)
at java.base/java.util.concurrent.ThreadPoolExecutor$Worker.run(ThreadPoolExecutor.java:642)
at java.base/java.lang.Thread.run(Thread.java:1583)
]]>
            </full-stacktrace>
          </exception> <!-- java.lang.AssertionError -->
          <reporter-output>
          </reporter-output>
        </test-method> <!-- productMetaDataTest -->
        <test-method is-config="true" signature="tearDown()[pri:0, instance:com.qa.opencart.tests.ProductInfoPageTest@57fbc06f]" started-at="2026-03-20T17:36:58 IST" name="tearDown" finished-at="2026-03-20T17:36:59 IST" duration-ms="481" status="PASS">
          <reporter-output>
          </reporter-output>
        </test-method> <!-- tearDown -->
      </class> <!-- com.qa.opencart.tests.ProductInfoPageTest -->
    </test> <!-- Product Info Page Test -->
  </suite> <!-- Opencart App Test Regression Suite -->
</testng-results>
