<?xml version="1.0" encoding="UTF-8"?>
<testng-results ignored="0" total="5" passed="5" failed="0" skipped="0">
  <reporter-output>
  </reporter-output>
  <suite started-at="2026-02-03T13:34:49 IST" name="Default suite" finished-at="2026-02-03T13:34:54 IST" duration-ms="5159">
    <groups>
    </groups>
    <test started-at="2026-02-03T13:34:49 IST" name="Default test" finished-at="2026-02-03T13:34:54 IST" duration-ms="5159">
      <class name="com.qa.opencart.tests.AccountPageTest">
        <test-method is-config="true" signature="setup()[pri:0, instance:com.qa.opencart.tests.AccountPageTest@408d971b]" started-at="2026-02-03T13:34:49 IST" name="setup" finished-at="2026-02-03T13:34:52 IST" duration-ms="3053" status="PASS">
          <reporter-output>
          </reporter-output>
        </test-method> <!-- setup -->
        <test-method is-config="true" signature="accSetup()[pri:0, instance:com.qa.opencart.tests.AccountPageTest@408d971b]" started-at="2026-02-03T13:34:52 IST" name="accSetup" finished-at="2026-02-03T13:34:53 IST" duration-ms="470" status="PASS">
          <reporter-output>
          </reporter-output>
        </test-method> <!-- accSetup -->
        <test-method signature="accPageSectionHeaderTest()[pri:0, instance:com.qa.opencart.tests.AccountPageTest@408d971b]" started-at="2026-02-03T13:34:53 IST" name="accPageSectionHeaderTest" finished-at="2026-02-03T13:34:54 IST" duration-ms="1232" status="PASS">
          <reporter-output>
          </reporter-output>
        </test-method> <!-- accPageSectionHeaderTest -->
        <test-method signature="accPageTitleTest()[pri:0, instance:com.qa.opencart.tests.AccountPageTest@408d971b]" started-at="2026-02-03T13:34:54 IST" name="accPageTitleTest" finished-at="2026-02-03T13:34:54 IST" duration-ms="15" status="PASS">
          <reporter-output>
          </reporter-output>
        </test-method> <!-- accPageTitleTest -->
        <test-method signature="accPageURLTest()[pri:0, instance:com.qa.opencart.tests.AccountPageTest@408d971b]" started-at="2026-02-03T13:34:54 IST" name="accPageURLTest" finished-at="2026-02-03T13:34:54 IST" duration-ms="13" status="PASS">
          <reporter-output>
          </reporter-output>
        </test-method> <!-- accPageURLTest -->
        <test-method signature="logoutExistTest()[pri:0, instance:com.qa.opencart.tests.AccountPageTest@408d971b]" started-at="2026-02-03T13:34:54 IST" name="logoutExistTest" finished-at="2026-02-03T13:34:54 IST" duration-ms="38" status="PASS">
          <reporter-output>
          </reporter-output>
        </test-method> <!-- logoutExistTest -->
        <test-method signature="searchExistTest()[pri:0, instance:com.qa.opencart.tests.AccountPageTest@408d971b]" started-at="2026-02-03T13:34:54 IST" name="searchExistTest" finished-at="2026-02-03T13:34:54 IST" duration-ms="36" status="PASS">
          <reporter-output>
          </reporter-output>
        </test-method> <!-- searchExistTest -->
        <test-method is-config="true" signature="tearDown()[pri:0, instance:com.qa.opencart.tests.AccountPageTest@408d971b]" started-at="2026-02-03T13:34:54 IST" name="tearDown" finished-at="2026-02-03T13:34:54 IST" duration-ms="230" status="PASS">
          <reporter-output>
          </reporter-output>
        </test-method> <!-- tearDown -->
      </class> <!-- com.qa.opencart.tests.AccountPageTest -->
    </test> <!-- Default test -->
  </suite> <!-- Default suite -->
</testng-results>
