<?xml version="1.0" encoding="UTF-8"?>
<!-- Generated by org.testng.reporters.JUnitReportReporter -->
<testsuite hostname="PRIYA-NAGRE" failures="0" tests="4" name="com.qa.opencart.tests.LoginPageTest" time="3.752" errors="0" timestamp="2026-02-27T12:02:42 IST" skipped="0">
  <testcase classname="com.qa.opencart.tests.LoginPageTest" name="forgotPwdLinkExistTest" time="1.455"/>
  <testcase classname="com.qa.opencart.tests.LoginPageTest" name="loginTest" time="2.219"/>
  <testcase classname="com.qa.opencart.tests.LoginPageTest" name="LoginPageTitleTest" time="0.039"/>
  <testcase classname="com.qa.opencart.tests.LoginPageTest" name="LoginPageURLTest" time="0.039"/>
</testsuite> <!-- com.qa.opencart.tests.LoginPageTest -->
