<?xml version="1.0" encoding="UTF-8"?>
<!-- Generated by org.testng.reporters.JUnitReportReporter -->
<testsuite hostname="PRIYA-NAGRE" failures="0" tests="4" name="com.qa.opencart.tests.RegPageTest" time="74.155" errors="0" timestamp="2026-03-20T17:37:00 IST" skipped="0">
  <testcase classname="com.qa.opencart.tests.RegPageTest" name="registerUserTest" time="17.891"/>
  <testcase classname="com.qa.opencart.tests.RegPageTest" name="registerUserTest" time="19.447"/>
  <testcase classname="com.qa.opencart.tests.RegPageTest" name="registerUserTest" time="18.327"/>
  <testcase classname="com.qa.opencart.tests.RegPageTest" name="registerUserTest" time="18.490"/>
</testsuite> <!-- com.qa.opencart.tests.RegPageTest -->
