<?xml version="1.0" encoding="UTF-8"?>
<!-- Generated by org.testng.reporters.JUnitReportReporter -->
<testsuite hostname="PRIYA-NAGRE" failures="0" tests="4" name="com.qa.opencart.tests.LoginPageTest" time="1.166" errors="0" timestamp="2026-02-03T13:16:16 IST" skipped="0">
  <testcase classname="com.qa.opencart.tests.LoginPageTest" name="forgotPwdLinkExistTest" time="0.091"/>
  <testcase classname="com.qa.opencart.tests.LoginPageTest" name="loginTest" time="0.942"/>
  <testcase classname="com.qa.opencart.tests.LoginPageTest" name="LoginPageTitleTest" time="0.089"/>
  <testcase classname="com.qa.opencart.tests.LoginPageTest" name="LoginPageURLTest" time="0.044"/>
</testsuite> <!-- com.qa.opencart.tests.LoginPageTest -->
