<?xml version="1.0" encoding="UTF-8"?>
<!-- Generated by org.testng.reporters.JUnitReportReporter -->
<testsuite hostname="PRIYA-NAGRE" failures="1" tests="11" name="com.qa.opencart.tests.ProductInfoPageTest" time="57.087" errors="0" timestamp="2026-02-27T12:05:26 IST" skipped="0">
  <testcase classname="com.qa.opencart.tests.ProductInfoPageTest" name="productHeaderTest" time="5.427"/>
  <testcase classname="com.qa.opencart.tests.ProductInfoPageTest" name="productImagesTest" time="4.830"/>
  <testcase classname="com.qa.opencart.tests.ProductInfoPageTest" name="productMetaDataTest" time="4.679">
    <failure message="The following asserts failed:
	expected [In Stock] but found [Out Of Stock],
	expected [$2000.00] but found [null]" type="java.lang.AssertionError">
      <![CDATA[java.lang.AssertionError: The following asserts failed:
expected [In Stock] but found [Out Of Stock],
expected [$2000.00] but found [null]
at org.testng.asserts.SoftAssert.assertAll(SoftAssert.java:46)
at org.testng.asserts.SoftAssert.assertAll(SoftAssert.java:30)
at com.qa.opencart.tests.ProductInfoPageTest.productMetaDataTest(ProductInfoPageTest.java:67)
at java.base/jdk.internal.reflect.DirectMethodHandleAccessor.invoke(DirectMethodHandleAccessor.java:103)
at java.base/java.lang.reflect.Method.invoke(Method.java:580)
at org.testng.internal.invokers.MethodInvocationHelper.invokeMethod(MethodInvocationHelper.java:141)
at org.testng.internal.invokers.TestInvoker.invokeMethod(TestInvoker.java:687)
at org.testng.internal.invokers.TestInvoker.invokeTestMethod(TestInvoker.java:230)
at org.testng.internal.invokers.MethodRunner.runInSequence(MethodRunner.java:63)
at org.testng.internal.invokers.TestInvoker$MethodInvocationAgent.invoke(TestInvoker.java:995)
at org.testng.internal.invokers.TestInvoker.invokeTestMethods(TestInvoker.java:203)
at org.testng.internal.invokers.TestMethodWorker.invokeTestMethods(TestMethodWorker.java:154)
at org.testng.internal.invokers.TestMethodWorker.run(TestMethodWorker.java:134)
at java.base/java.util.ArrayList.forEach(ArrayList.java:1596)
at org.testng.TestRunner.privateRun(TestRunner.java:741)
at org.testng.TestRunner.run(TestRunner.java:616)
at org.testng.SuiteRunner.runTest(SuiteRunner.java:421)
at org.testng.SuiteRunner.runSequentially(SuiteRunner.java:413)
at org.testng.SuiteRunner.privateRun(SuiteRunner.java:373)
at org.testng.SuiteRunner.run(SuiteRunner.java:312)
at org.testng.SuiteRunnerWorker.runSuite(SuiteRunnerWorker.java:52)
at org.testng.SuiteRunnerWorker.run(SuiteRunnerWorker.java:95)
at org.testng.TestNG.runSuitesSequentially(TestNG.java:1274)
at org.testng.TestNG.runSuitesLocally(TestNG.java:1208)
at org.testng.TestNG.runSuites(TestNG.java:1112)
at org.testng.TestNG.run(TestNG.java:1079)
at org.testng.remote.AbstractRemoteTestNG.run(AbstractRemoteTestNG.java:115)
at org.testng.remote.RemoteTestNG.initAndRun(RemoteTestNG.java:293)
at org.testng.remote.RemoteTestNG.main(RemoteTestNG.java:91)
]]>
    </failure>
  </testcase> <!-- productMetaDataTest -->
  <testcase classname="com.qa.opencart.tests.ProductInfoPageTest" name="productHeaderTest" time="4.985"/>
  <testcase classname="com.qa.opencart.tests.ProductInfoPageTest" name="productImagesTest" time="4.798"/>
  <testcase classname="com.qa.opencart.tests.ProductInfoPageTest" name="productHeaderTest" time="5.795"/>
  <testcase classname="com.qa.opencart.tests.ProductInfoPageTest" name="productImagesTest" time="4.166"/>
  <testcase classname="com.qa.opencart.tests.ProductInfoPageTest" name="productImagesTest" time="4.795"/>
  <testcase classname="com.qa.opencart.tests.ProductInfoPageTest" name="productHeaderTest" time="6.884"/>
  <testcase classname="com.qa.opencart.tests.ProductInfoPageTest" name="productHeaderTest" time="5.759"/>
  <testcase classname="com.qa.opencart.tests.ProductInfoPageTest" name="productImagesTest" time="4.969"/>
</testsuite> <!-- com.qa.opencart.tests.ProductInfoPageTest -->
