<?xml version="1.0" encoding="UTF-8"?>
<!-- Generated by org.testng.reporters.JUnitReportReporter -->
<testsuite hostname="PRIYA-NAGRE" failures="1" tests="11" name="com.qa.opencart.tests.ProductInfoPageTest" time="85.769" errors="0" timestamp="2026-03-20T17:37:00 IST" skipped="0">
  <testcase classname="com.qa.opencart.tests.ProductInfoPageTest" name="productHeaderTest" time="9.981"/>
  <testcase classname="com.qa.opencart.tests.ProductInfoPageTest" name="productImagesTest" time="6.787"/>
  <testcase classname="com.qa.opencart.tests.ProductInfoPageTest" name="productImagesTest" time="6.373"/>
  <testcase classname="com.qa.opencart.tests.ProductInfoPageTest" name="productImagesTest" time="6.160"/>
  <testcase classname="com.qa.opencart.tests.ProductInfoPageTest" name="productHeaderTest" time="8.977"/>
  <testcase classname="com.qa.opencart.tests.ProductInfoPageTest" name="productImagesTest" time="5.391"/>
  <testcase classname="com.qa.opencart.tests.ProductInfoPageTest" name="productHeaderTest" time="9.597"/>
  <testcase classname="com.qa.opencart.tests.ProductInfoPageTest" name="productMetaDataTest" time="4.531">
    <failure message="The following asserts failed:
	expected [In Stock] but found [Out Of Stock],
	expected [$2000.00] but found [null]" type="java.lang.AssertionError">
      <![CDATA[java.lang.AssertionError: The following asserts failed:
expected [In Stock] but found [Out Of Stock],
expected [$2000.00] but found [null]
at org.testng.asserts.SoftAssert.assertAll(SoftAssert.java:46)
at org.testng.asserts.SoftAssert.assertAll(SoftAssert.java:30)
at com.qa.opencart.tests.ProductInfoPageTest.productMetaDataTest(ProductInfoPageTest.java:67)
at java.base/jdk.internal.reflect.DirectMethodHandleAccessor.invoke(DirectMethodHandleAccessor.java:103)
at java.base/java.lang.reflect.Method.invoke(Method.java:580)
at org.testng.internal.invokers.MethodInvocationHelper.invokeMethod(MethodInvocationHelper.java:141)
at org.testng.internal.invokers.TestInvoker.invokeMethod(TestInvoker.java:687)
at org.testng.internal.invokers.TestInvoker.invokeTestMethod(TestInvoker.java:230)
at org.testng.internal.invokers.MethodRunner.runInSequence(MethodRunner.java:63)
at org.testng.internal.invokers.TestInvoker$MethodInvocationAgent.invoke(TestInvoker.java:995)
at org.testng.internal.invokers.TestInvoker.invokeTestMethods(TestInvoker.java:203)
at org.testng.internal.invokers.TestMethodWorker.invokeTestMethods(TestMethodWorker.java:154)
at org.testng.internal.invokers.TestMethodWorker.run(TestMethodWorker.java:134)
at java.base/java.util.ArrayList.forEach(ArrayList.java:1596)
at org.testng.TestRunner.privateRun(TestRunner.java:741)
at org.testng.TestRunner.run(TestRunner.java:616)
at org.testng.SuiteRunner.runTest(SuiteRunner.java:421)
at org.testng.SuiteRunner$SuiteWorker.run(SuiteRunner.java:463)
at org.testng.internal.thread.ThreadUtil.lambda$execute$0(ThreadUtil.java:64)
at java.base/java.util.concurrent.FutureTask.run(FutureTask.java:317)
at java.base/java.util.concurrent.ThreadPoolExecutor.runWorker(ThreadPoolExecutor.java:1144)
at java.base/java.util.concurrent.ThreadPoolExecutor$Worker.run(ThreadPoolExecutor.java:642)
at java.base/java.lang.Thread.run(Thread.java:1583)
]]>
    </failure>
  </testcase> <!-- productMetaDataTest -->
  <testcase classname="com.qa.opencart.tests.ProductInfoPageTest" name="productHeaderTest" time="12.090"/>
  <testcase classname="com.qa.opencart.tests.ProductInfoPageTest" name="productImagesTest" time="6.719"/>
  <testcase classname="com.qa.opencart.tests.ProductInfoPageTest" name="productHeaderTest" time="9.163"/>
</testsuite> <!-- com.qa.opencart.tests.ProductInfoPageTest -->
