<?xml version="1.0" encoding="UTF-8"?>
<!-- Generated by org.testng.reporters.JUnitReportReporter -->
<testsuite hostname="PRIYA-NAGRE" failures="0" tests="4" name="com.qa.opencart.tests.RegPageTest" time="57.786" errors="0" timestamp="2026-02-27T16:53:56 IST" skipped="0">
  <testcase classname="com.qa.opencart.tests.RegPageTest" name="registerUserTest" time="14.964"/>
  <testcase classname="com.qa.opencart.tests.RegPageTest" name="registerUserTest" time="15.089"/>
  <testcase classname="com.qa.opencart.tests.RegPageTest" name="registerUserTest" time="12.572"/>
  <testcase classname="com.qa.opencart.tests.RegPageTest" name="registerUserTest" time="15.161"/>
</testsuite> <!-- com.qa.opencart.tests.RegPageTest -->
