<?xml version="1.0" encoding="UTF-8"?>
<!-- Generated by org.testng.reporters.JUnitReportReporter -->
<testsuite hostname="PRIYA-NAGRE" failures="0" tests="5" name="com.qa.opencart.tests.AccountPageTest" time="1.334" errors="0" timestamp="2026-02-03T13:34:54 IST" skipped="0">
  <testcase classname="com.qa.opencart.tests.AccountPageTest" name="searchExistTest" time="0.036"/>
  <testcase classname="com.qa.opencart.tests.AccountPageTest" name="accPageSectionHeaderTest" time="1.232"/>
  <testcase classname="com.qa.opencart.tests.AccountPageTest" name="accPageTitleTest" time="0.015"/>
  <testcase classname="com.qa.opencart.tests.AccountPageTest" name="logoutExistTest" time="0.038"/>
  <testcase classname="com.qa.opencart.tests.AccountPageTest" name="accPageURLTest" time="0.013"/>
</testsuite> <!-- com.qa.opencart.tests.AccountPageTest -->
